<?xml version="1.0" encoding="UTF-8"?>
<!-- Generated by org.testng.reporters.JUnitXMLReporter -->
<testsuite ignored="8" hostname="LTIN218574" failures="0" tests="9" name="Test" time="77.947" errors="0" timestamp="2024-02-28T17:32:35 IST">
  <testcase classname="testCases.TC001_CarEmiValidation" name="car_Emi_validation" time="28.198"/>
  <testcase classname="testCases.TC001_CarEmiValidation" name="CalculateTotalAmount" time="0.18"/>
  <testcase classname="testCases.TC001_CarEmiValidation" name="car_emiCalculation" time="0.239"/>
  <testcase classname="testCases.TC002_HomeLoanValidation" name="HomeLoanValidation" time="1.955"/>
  <testcase classname="testCases.TC002_HomeLoanValidation" name="switchToLoanEmiCalculatorPage" time="5.197"/>
  <testcase classname="testCases.TC002_HomeLoanValidation" name="storingThedataIntoExcel" time="11.402"/>
  <testcase classname="testCases.TC003_HomeLoanEMIValidation" name="Uivalidation" time="2.765"/>
  <testcase classname="testCases.TCOO4_LoanAmountCalculators" name="LoanAmountCalculatorValidation" time="1.355"/>
  <testcase classname="testCases.TCOO5_LoanTenureValidation" name="LoanTenureUIvalidation" time="0.821"/>
  <testcase classname="testBase.BaseClass" name="@AfterTest teardown" time="0.0">
    <ignored/>
  </testcase> <!-- @AfterTest teardown -->
  <testcase classname="testBase.BaseClass" name="@AfterTest teardown" time="0.0">
    <ignored/>
  </testcase> <!-- @AfterTest teardown -->
  <testcase classname="testBase.BaseClass" name="@AfterTest teardown" time="0.0">
    <ignored/>
  </testcase> <!-- @AfterTest teardown -->
  <testcase classname="testBase.BaseClass" name="@AfterTest teardown" time="0.0">
    <ignored/>
  </testcase> <!-- @AfterTest teardown -->
  <testcase classname="testBase.BaseClass" name="@BeforeTest setup" time="0.0">
    <ignored/>
  </testcase> <!-- @BeforeTest setup -->
  <testcase classname="testBase.BaseClass" name="@BeforeTest setup" time="0.0">
    <ignored/>
  </testcase> <!-- @BeforeTest setup -->
  <testcase classname="testBase.BaseClass" name="@BeforeTest setup" time="0.0">
    <ignored/>
  </testcase> <!-- @BeforeTest setup -->
  <testcase classname="testBase.BaseClass" name="@BeforeTest setup" time="0.0">
    <ignored/>
  </testcase> <!-- @BeforeTest setup -->
</testsuite> <!-- Test -->
