<?xml version="1.0" encoding="UTF-8"?>
<!-- Generated by org.testng.reporters.JUnitXMLReporter -->
<testsuite ignored="8" hostname="LTIN218574" failures="0" tests="12" name="Test" time="76.595" errors="0" timestamp="2024-03-12T14:24:41 IST">
  <testcase classname="testCases.TC001_CarEmiValidation" name="homePageTitlevalidation" time="0.228"/>
  <testcase classname="testCases.TC001_CarEmiValidation" name="_Emi_validation_carLoan" time="7.14"/>
  <testcase classname="testCases.TC001_CarEmiValidation" name="CalculateTotalAmount" time="0.281"/>
  <testcase classname="testCases.TC001_CarEmiValidation" name="totalAmount_InterestAmount_Calculation" time="0.201"/>
  <testcase classname="testCases.TC002_HomeLoanValidation" name="Navigate_HomeLoanValidation" time="5.235"/>
  <testcase classname="testCases.TC002_HomeLoanValidation" name="HomeLoanPageTitle" time="0.028"/>
  <testcase classname="testCases.TC002_HomeLoanValidation" name="switchToLoanEmiCalculatorPage" time="5.98"/>
  <testcase classname="testCases.TC002_HomeLoanValidation" name="storingThedataIntoExcel" time="13.591"/>
  <testcase classname="testCases.TC003_HomeLoanEMIValidation" name="loanCalculatorPageValidation" time="7.632"/>
  <testcase classname="testCases.TC003_HomeLoanEMIValidation" name="loanCalculatorPageUivalidation" time="1.078"/>
  <testcase classname="testCases.TCOO4_LoanAmountCalculators" name="LoanAmountCalculatorUIValidation" time="2.024"/>
  <testcase classname="testCases.TCOO5_LoanTenureValidation" name="LoanTenureUIvalidation" time="1.124"/>
  <testcase classname="testBase.BaseClass" name="@AfterTest teardown" time="0.0">
    <ignored/>
  </testcase> <!-- @AfterTest teardown -->
  <testcase classname="testBase.BaseClass" name="@AfterTest teardown" time="0.0">
    <ignored/>
  </testcase> <!-- @AfterTest teardown -->
  <testcase classname="testBase.BaseClass" name="@AfterTest teardown" time="0.0">
    <ignored/>
  </testcase> <!-- @AfterTest teardown -->
  <testcase classname="testBase.BaseClass" name="@AfterTest teardown" time="0.0">
    <ignored/>
  </testcase> <!-- @AfterTest teardown -->
  <testcase classname="testBase.BaseClass" name="@BeforeTest setup" time="0.0">
    <ignored/>
  </testcase> <!-- @BeforeTest setup -->
  <testcase classname="testBase.BaseClass" name="@BeforeTest setup" time="0.0">
    <ignored/>
  </testcase> <!-- @BeforeTest setup -->
  <testcase classname="testBase.BaseClass" name="@BeforeTest setup" time="0.0">
    <ignored/>
  </testcase> <!-- @BeforeTest setup -->
  <testcase classname="testBase.BaseClass" name="@BeforeTest setup" time="0.0">
    <ignored/>
  </testcase> <!-- @BeforeTest setup -->
</testsuite> <!-- Test -->
