<?xml version="1.0" encoding="UTF-8"?>
<testng-results ignored="8" total="17" passed="9" failed="0" skipped="0">
  <reporter-output>
  </reporter-output>
  <suite started-at="2024-02-28T17:31:17 IST" name="Suite" finished-at="2024-02-28T17:32:35 IST" duration-ms="77947">
    <groups>
    </groups>
    <test started-at="2024-02-28T17:31:17 IST" name="Test" finished-at="2024-02-28T17:32:35 IST" duration-ms="77947">
      <class name="testCases.TCOO4_LoanAmountCalculators">
        <test-method signature="LoanAmountCalculatorValidation()[pri:0, instance:testCases.TCOO4_LoanAmountCalculators@272113c4]" started-at="2024-02-28T17:32:31 IST" name="LoanAmountCalculatorValidation" finished-at="2024-02-28T17:32:32 IST" duration-ms="1355" status="PASS">
          <reporter-output>
          </reporter-output>
        </test-method> <!-- LoanAmountCalculatorValidation -->
      </class> <!-- testCases.TCOO4_LoanAmountCalculators -->
      <class name="testCases.TC002_HomeLoanValidation">
        <test-method signature="HomeLoanValidation()[pri:1, instance:testCases.TC002_HomeLoanValidation@52b1beb6]" started-at="2024-02-28T17:32:08 IST" name="HomeLoanValidation" finished-at="2024-02-28T17:32:10 IST" duration-ms="1955" status="PASS">
          <reporter-output>
          </reporter-output>
        </test-method> <!-- HomeLoanValidation -->
        <test-method signature="switchToLoanEmiCalculatorPage()[pri:2, instance:testCases.TC002_HomeLoanValidation@52b1beb6]" started-at="2024-02-28T17:32:11 IST" name="switchToLoanEmiCalculatorPage" finished-at="2024-02-28T17:32:16 IST" duration-ms="5197" status="PASS">
          <reporter-output>
          </reporter-output>
        </test-method> <!-- switchToLoanEmiCalculatorPage -->
        <test-method signature="storingThedataIntoExcel()[pri:3, instance:testCases.TC002_HomeLoanValidation@52b1beb6]" started-at="2024-02-28T17:32:16 IST" name="storingThedataIntoExcel" finished-at="2024-02-28T17:32:28 IST" duration-ms="11402" status="PASS">
          <reporter-output>
          </reporter-output>
        </test-method> <!-- storingThedataIntoExcel -->
      </class> <!-- testCases.TC002_HomeLoanValidation -->
      <class name="testCases.TCOO5_LoanTenureValidation">
        <test-method signature="LoanTenureUIvalidation()[pri:0, instance:testCases.TCOO5_LoanTenureValidation@73e9cf30]" started-at="2024-02-28T17:32:33 IST" name="LoanTenureUIvalidation" finished-at="2024-02-28T17:32:34 IST" duration-ms="821" status="PASS">
          <reporter-output>
          </reporter-output>
        </test-method> <!-- LoanTenureUIvalidation -->
      </class> <!-- testCases.TCOO5_LoanTenureValidation -->
      <class name="testCases.TC001_CarEmiValidation">
        <test-method is-config="true" signature="setup(java.lang.String,java.lang.String)[pri:0, instance:testCases.TC001_CarEmiValidation@6bd61f98]" started-at="2024-02-28T17:31:19 IST" name="setup" finished-at="2024-02-28T17:31:38 IST" duration-ms="19678" status="PASS">
          <params>
            <param index="0">
              <value>
                <![CDATA[windows]]>
              </value>
            </param>
            <param index="1">
              <value>
                <![CDATA[chrome]]>
              </value>
            </param>
          </params>
          <reporter-output>
          </reporter-output>
        </test-method> <!-- setup -->
        <test-method signature="car_Emi_validation()[pri:1, instance:testCases.TC001_CarEmiValidation@6bd61f98]" started-at="2024-02-28T17:31:38 IST" name="car_Emi_validation" finished-at="2024-02-28T17:32:07 IST" duration-ms="28198" status="PASS">
          <reporter-output>
          </reporter-output>
        </test-method> <!-- car_Emi_validation -->
        <test-method signature="CalculateTotalAmount()[pri:2, instance:testCases.TC001_CarEmiValidation@6bd61f98]" started-at="2024-02-28T17:32:07 IST" name="CalculateTotalAmount" finished-at="2024-02-28T17:32:07 IST" duration-ms="180" status="PASS">
          <reporter-output>
          </reporter-output>
        </test-method> <!-- CalculateTotalAmount -->
        <test-method signature="car_emiCalculation()[pri:3, instance:testCases.TC001_CarEmiValidation@6bd61f98]" started-at="2024-02-28T17:32:08 IST" name="car_emiCalculation" finished-at="2024-02-28T17:32:08 IST" duration-ms="239" status="PASS">
          <reporter-output>
          </reporter-output>
        </test-method> <!-- car_emiCalculation -->
        <test-method is-config="true" signature="teardown()[pri:0, instance:testCases.TC001_CarEmiValidation@6bd61f98]" started-at="2024-02-28T17:32:34 IST" name="teardown" finished-at="2024-02-28T17:32:35 IST" duration-ms="1331" status="PASS">
          <reporter-output>
          </reporter-output>
        </test-method> <!-- teardown -->
      </class> <!-- testCases.TC001_CarEmiValidation -->
      <class name="testCases.TC003_HomeLoanEMIValidation">
        <test-method signature="Uivalidation()[pri:0, instance:testCases.TC003_HomeLoanEMIValidation@273e7444]" started-at="2024-02-28T17:32:28 IST" name="Uivalidation" finished-at="2024-02-28T17:32:31 IST" duration-ms="2765" status="PASS">
          <reporter-output>
          </reporter-output>
        </test-method> <!-- Uivalidation -->
      </class> <!-- testCases.TC003_HomeLoanEMIValidation -->
    </test> <!-- Test -->
  </suite> <!-- Suite -->
</testng-results>
