<?xml version="1.0" encoding="UTF-8"?>
<testng-results ignored="8" total="20" passed="12" failed="0" skipped="0">
  <reporter-output>
  </reporter-output>
  <suite started-at="2024-03-12T14:23:24 IST" name="Suite" finished-at="2024-03-12T14:24:41 IST" duration-ms="76595">
    <groups>
    </groups>
    <test started-at="2024-03-12T14:23:24 IST" name="Test" finished-at="2024-03-12T14:24:41 IST" duration-ms="76595">
      <class name="testCases.TCOO4_LoanAmountCalculators">
        <test-method signature="LoanAmountCalculatorUIValidation()[pri:0, instance:testCases.TCOO4_LoanAmountCalculators@2d52216b]" started-at="2024-03-12T14:24:35 IST" name="LoanAmountCalculatorUIValidation" finished-at="2024-03-12T14:24:37 IST" duration-ms="2024" status="PASS">
          <reporter-output>
          </reporter-output>
        </test-method> <!-- LoanAmountCalculatorUIValidation -->
      </class> <!-- testCases.TCOO4_LoanAmountCalculators -->
      <class name="testCases.TC002_HomeLoanValidation">
        <test-method signature="Navigate_HomeLoanValidation()[pri:1, instance:testCases.TC002_HomeLoanValidation@73e9cf30]" started-at="2024-03-12T14:24:00 IST" name="Navigate_HomeLoanValidation" finished-at="2024-03-12T14:24:05 IST" duration-ms="5235" status="PASS">
          <reporter-output>
          </reporter-output>
        </test-method> <!-- Navigate_HomeLoanValidation -->
        <test-method signature="HomeLoanPageTitle()[pri:2, instance:testCases.TC002_HomeLoanValidation@73e9cf30]" started-at="2024-03-12T14:24:05 IST" name="HomeLoanPageTitle" finished-at="2024-03-12T14:24:05 IST" duration-ms="28" status="PASS">
          <reporter-output>
          </reporter-output>
        </test-method> <!-- HomeLoanPageTitle -->
        <test-method signature="switchToLoanEmiCalculatorPage()[pri:3, instance:testCases.TC002_HomeLoanValidation@73e9cf30]" started-at="2024-03-12T14:24:06 IST" name="switchToLoanEmiCalculatorPage" finished-at="2024-03-12T14:24:12 IST" duration-ms="5980" status="PASS">
          <reporter-output>
          </reporter-output>
        </test-method> <!-- switchToLoanEmiCalculatorPage -->
        <test-method signature="storingThedataIntoExcel()[pri:4, instance:testCases.TC002_HomeLoanValidation@73e9cf30]" started-at="2024-03-12T14:24:12 IST" name="storingThedataIntoExcel" finished-at="2024-03-12T14:24:26 IST" duration-ms="13591" status="PASS">
          <reporter-output>
          </reporter-output>
        </test-method> <!-- storingThedataIntoExcel -->
      </class> <!-- testCases.TC002_HomeLoanValidation -->
      <class name="testCases.TCOO5_LoanTenureValidation">
        <test-method signature="LoanTenureUIvalidation()[pri:0, instance:testCases.TCOO5_LoanTenureValidation@242b836]" started-at="2024-03-12T14:24:38 IST" name="LoanTenureUIvalidation" finished-at="2024-03-12T14:24:39 IST" duration-ms="1124" status="PASS">
          <reporter-output>
          </reporter-output>
        </test-method> <!-- LoanTenureUIvalidation -->
      </class> <!-- testCases.TCOO5_LoanTenureValidation -->
      <class name="testCases.TC001_CarEmiValidation">
        <test-method is-config="true" signature="setup(java.lang.String,java.lang.String)[pri:0, instance:testCases.TC001_CarEmiValidation@b9b00e0]" started-at="2024-03-12T14:23:25 IST" name="setup" finished-at="2024-03-12T14:23:50 IST" duration-ms="24426" status="PASS">
          <params>
            <param index="0">
              <value>
                <![CDATA[windows]]>
              </value>
            </param>
            <param index="1">
              <value>
                <![CDATA[chrome]]>
              </value>
            </param>
          </params>
          <reporter-output>
          </reporter-output>
        </test-method> <!-- setup -->
        <test-method signature="homePageTitlevalidation()[pri:1, instance:testCases.TC001_CarEmiValidation@b9b00e0]" started-at="2024-03-12T14:23:50 IST" name="homePageTitlevalidation" finished-at="2024-03-12T14:23:50 IST" duration-ms="228" status="PASS">
          <reporter-output>
          </reporter-output>
        </test-method> <!-- homePageTitlevalidation -->
        <test-method signature="_Emi_validation_carLoan()[pri:2, instance:testCases.TC001_CarEmiValidation@b9b00e0]" started-at="2024-03-12T14:23:51 IST" name="_Emi_validation_carLoan" finished-at="2024-03-12T14:23:58 IST" duration-ms="7140" status="PASS">
          <reporter-output>
          </reporter-output>
        </test-method> <!-- _Emi_validation_carLoan -->
        <test-method signature="CalculateTotalAmount()[pri:3, instance:testCases.TC001_CarEmiValidation@b9b00e0]" started-at="2024-03-12T14:23:58 IST" name="CalculateTotalAmount" finished-at="2024-03-12T14:23:59 IST" duration-ms="281" status="PASS">
          <reporter-output>
          </reporter-output>
        </test-method> <!-- CalculateTotalAmount -->
        <test-method signature="totalAmount_InterestAmount_Calculation()[pri:4, instance:testCases.TC001_CarEmiValidation@b9b00e0]" started-at="2024-03-12T14:23:59 IST" name="totalAmount_InterestAmount_Calculation" finished-at="2024-03-12T14:23:59 IST" duration-ms="201" status="PASS">
          <reporter-output>
          </reporter-output>
        </test-method> <!-- totalAmount_InterestAmount_Calculation -->
        <test-method is-config="true" signature="teardown()[pri:0, instance:testCases.TC001_CarEmiValidation@b9b00e0]" started-at="2024-03-12T14:24:39 IST" name="teardown" finished-at="2024-03-12T14:24:41 IST" duration-ms="1387" status="PASS">
          <reporter-output>
          </reporter-output>
        </test-method> <!-- teardown -->
      </class> <!-- testCases.TC001_CarEmiValidation -->
      <class name="testCases.TC003_HomeLoanEMIValidation">
        <test-method signature="loanCalculatorPageValidation()[pri:1, instance:testCases.TC003_HomeLoanEMIValidation@771a660]" started-at="2024-03-12T14:24:26 IST" name="loanCalculatorPageValidation" finished-at="2024-03-12T14:24:34 IST" duration-ms="7632" status="PASS">
          <reporter-output>
          </reporter-output>
        </test-method> <!-- loanCalculatorPageValidation -->
        <test-method signature="loanCalculatorPageUivalidation()[pri:2, instance:testCases.TC003_HomeLoanEMIValidation@771a660]" started-at="2024-03-12T14:24:34 IST" name="loanCalculatorPageUivalidation" finished-at="2024-03-12T14:24:35 IST" duration-ms="1078" status="PASS">
          <reporter-output>
          </reporter-output>
        </test-method> <!-- loanCalculatorPageUivalidation -->
      </class> <!-- testCases.TC003_HomeLoanEMIValidation -->
    </test> <!-- Test -->
  </suite> <!-- Suite -->
</testng-results>
